==============================
Run started at 2026年 04月 09日 星期四 13:13:34 CST
Log file: training_ddp_20260409_131334.log
Mode: Distributed Data Parallel (DDP)
GPUs: 0,1
==============================
使用设备: cuda
模型: local_models/models--bert-base-uncased/snapshots/86b5e0934494bd15c9632b12f734a8a67f723594
仅本地加载: True
embedding策略: cls
层混合: False
额外位置编码: False
TensorBoard: True
Traceback (most recent call last):
  File "/root/miniconda3/envs/sheetagent/lib/python3.10/site-packages/transformers/utils/hub.py", line 420, in cached_files
    hf_hub_download(
  File "/root/miniconda3/envs/sheetagent/lib/python3.10/site-packages/huggingface_hub/utils/_validators.py", line 85, in _inner_fn
    validate_repo_id(arg_value)
  File "/root/miniconda3/envs/sheetagent/lib/python3.10/site-packages/huggingface_hub/utils/_validators.py", line 133, in validate_repo_id
    raise HFValidationError(
huggingface_hub.errors.HFValidationError: Repo id must be in the form 'repo_name' or 'namespace/repo_name': 'local_models/models--bert-base-uncased/snapshots/86b5e0934494bd15c9632b12f734a8a67f723594'. Use `repo_type` argument if needed.

The above exception was the direct cause of the following exception:

Traceback (most recent call last):
  File "/root/miniconda3/envs/sheetagent/lib/python3.10/site-packages/transformers/models/auto/tokenization_auto.py", line 654, in from_pretrained
    config = AutoConfig.from_pretrained(
  File "/root/miniconda3/envs/sheetagent/lib/python3.10/site-packages/transformers/models/auto/configuration_auto.py", line 1429, in from_pretrained
    config_dict, unused_kwargs = PreTrainedConfig.get_config_dict(pretrained_model_name_or_path, **kwargs)
  File "/root/miniconda3/envs/sheetagent/lib/python3.10/site-packages/transformers/configuration_utils.py", line 574, in get_config_dict
    config_dict, kwargs = cls._get_config_dict(pretrained_model_name_or_path, **kwargs)
  File "/root/miniconda3/envs/sheetagent/lib/python3.10/site-packages/transformers/configuration_utils.py", line 629, in _get_config_dict
    resolved_config_file = cached_file(
  File "/root/miniconda3/envs/sheetagent/lib/python3.10/site-packages/transformers/utils/hub.py", line 277, in cached_file
    file = cached_files(path_or_repo_id=path_or_repo_id, filenames=[filename], **kwargs)
  File "/root/miniconda3/envs/sheetagent/lib/python3.10/site-packages/transformers/utils/hub.py", line 469, in cached_files
    raise OSError(f"{e}") from e
OSError: Repo id must be in the form 'repo_name' or 'namespace/repo_name': 'local_models/models--bert-base-uncased/snapshots/86b5e0934494bd15c9632b12f734a8a67f723594'. Use `repo_type` argument if needed.

During handling of the above exception, another exception occurred:

Traceback (most recent call last):
  File "/root/miniconda3/envs/sheetagent/lib/python3.10/site-packages/transformers/utils/hub.py", line 420, in cached_files
    hf_hub_download(
  File "/root/miniconda3/envs/sheetagent/lib/python3.10/site-packages/huggingface_hub/utils/_validators.py", line 85, in _inner_fn
    validate_repo_id(arg_value)
  File "/root/miniconda3/envs/sheetagent/lib/python3.10/site-packages/huggingface_hub/utils/_validators.py", line 133, in validate_repo_id
    raise HFValidationError(
huggingface_hub.errors.HFValidationError: Repo id must be in the form 'repo_name' or 'namespace/repo_name': 'local_models/models--bert-base-uncased/snapshots/86b5e0934494bd15c9632b12f734a8a67f723594'. Use `repo_type` argument if needed.

The above exception was the direct cause of the following exception:

Traceback (most recent call last):
  File "/root/sheetagentresearch/sheetagent_paper/biencoder_model.py", line 1121, in <module>
    main()
  File "/root/sheetagentresearch/sheetagent_paper/biencoder_model.py", line 1078, in main
    trainer = TransformerTrainer(
  File "/root/sheetagentresearch/sheetagent_paper/biencoder_model.py", line 483, in __init__
    self.tokenizer = AutoTokenizer.from_pretrained(
  File "/root/miniconda3/envs/sheetagent/lib/python3.10/site-packages/transformers/models/auto/tokenization_auto.py", line 658, in from_pretrained
    config = PreTrainedConfig.from_pretrained(pretrained_model_name_or_path, **kwargs)
  File "/root/miniconda3/envs/sheetagent/lib/python3.10/site-packages/transformers/configuration_utils.py", line 533, in from_pretrained
    config_dict, kwargs = cls.get_config_dict(pretrained_model_name_or_path, **kwargs)
  File "/root/miniconda3/envs/sheetagent/lib/python3.10/site-packages/transformers/configuration_utils.py", line 574, in get_config_dict
    config_dict, kwargs = cls._get_config_dict(pretrained_model_name_or_path, **kwargs)
  File "/root/miniconda3/envs/sheetagent/lib/python3.10/site-packages/transformers/configuration_utils.py", line 629, in _get_config_dict
    resolved_config_file = cached_file(
  File "/root/miniconda3/envs/sheetagent/lib/python3.10/site-packages/transformers/utils/hub.py", line 277, in cached_file
    file = cached_files(path_or_repo_id=path_or_repo_id, filenames=[filename], **kwargs)
  File "/root/miniconda3/envs/sheetagent/lib/python3.10/site-packages/transformers/utils/hub.py", line 469, in cached_files
    raise OSError(f"{e}") from e
OSError: Repo id must be in the form 'repo_name' or 'namespace/repo_name': 'local_models/models--bert-base-uncased/snapshots/86b5e0934494bd15c9632b12f734a8a67f723594'. Use `repo_type` argument if needed.
使用设备: cuda
模型: local_models/models--bert-base-uncased/snapshots/86b5e0934494bd15c9632b12f734a8a67f723594
仅本地加载: True
embedding策略: cls
层混合: False
额外位置编码: False
TensorBoard: True
Traceback (most recent call last):
  File "/root/miniconda3/envs/sheetagent/lib/python3.10/site-packages/transformers/utils/hub.py", line 420, in cached_files
    hf_hub_download(
  File "/root/miniconda3/envs/sheetagent/lib/python3.10/site-packages/huggingface_hub/utils/_validators.py", line 85, in _inner_fn
    validate_repo_id(arg_value)
  File "/root/miniconda3/envs/sheetagent/lib/python3.10/site-packages/huggingface_hub/utils/_validators.py", line 133, in validate_repo_id
    raise HFValidationError(
huggingface_hub.errors.HFValidationError: Repo id must be in the form 'repo_name' or 'namespace/repo_name': 'local_models/models--bert-base-uncased/snapshots/86b5e0934494bd15c9632b12f734a8a67f723594'. Use `repo_type` argument if needed.

The above exception was the direct cause of the following exception:

Traceback (most recent call last):
  File "/root/miniconda3/envs/sheetagent/lib/python3.10/site-packages/transformers/models/auto/tokenization_auto.py", line 654, in from_pretrained
    config = AutoConfig.from_pretrained(
  File "/root/miniconda3/envs/sheetagent/lib/python3.10/site-packages/transformers/models/auto/configuration_auto.py", line 1429, in from_pretrained
    config_dict, unused_kwargs = PreTrainedConfig.get_config_dict(pretrained_model_name_or_path, **kwargs)
  File "/root/miniconda3/envs/sheetagent/lib/python3.10/site-packages/transformers/configuration_utils.py", line 574, in get_config_dict
    config_dict, kwargs = cls._get_config_dict(pretrained_model_name_or_path, **kwargs)
  File "/root/miniconda3/envs/sheetagent/lib/python3.10/site-packages/transformers/configuration_utils.py", line 629, in _get_config_dict
    resolved_config_file = cached_file(
  File "/root/miniconda3/envs/sheetagent/lib/python3.10/site-packages/transformers/utils/hub.py", line 277, in cached_file
    file = cached_files(path_or_repo_id=path_or_repo_id, filenames=[filename], **kwargs)
  File "/root/miniconda3/envs/sheetagent/lib/python3.10/site-packages/transformers/utils/hub.py", line 469, in cached_files
    raise OSError(f"{e}") from e
OSError: Repo id must be in the form 'repo_name' or 'namespace/repo_name': 'local_models/models--bert-base-uncased/snapshots/86b5e0934494bd15c9632b12f734a8a67f723594'. Use `repo_type` argument if needed.

During handling of the above exception, another exception occurred:

Traceback (most recent call last):
  File "/root/miniconda3/envs/sheetagent/lib/python3.10/site-packages/transformers/utils/hub.py", line 420, in cached_files
    hf_hub_download(
  File "/root/miniconda3/envs/sheetagent/lib/python3.10/site-packages/huggingface_hub/utils/_validators.py", line 85, in _inner_fn
    validate_repo_id(arg_value)
  File "/root/miniconda3/envs/sheetagent/lib/python3.10/site-packages/huggingface_hub/utils/_validators.py", line 133, in validate_repo_id
    raise HFValidationError(
huggingface_hub.errors.HFValidationError: Repo id must be in the form 'repo_name' or 'namespace/repo_name': 'local_models/models--bert-base-uncased/snapshots/86b5e0934494bd15c9632b12f734a8a67f723594'. Use `repo_type` argument if needed.

The above exception was the direct cause of the following exception:

Traceback (most recent call last):
  File "/root/sheetagentresearch/sheetagent_paper/biencoder_model.py", line 1121, in <module>
    main()
  File "/root/sheetagentresearch/sheetagent_paper/biencoder_model.py", line 1078, in main
    trainer = TransformerTrainer(
  File "/root/sheetagentresearch/sheetagent_paper/biencoder_model.py", line 483, in __init__
    self.tokenizer = AutoTokenizer.from_pretrained(
  File "/root/miniconda3/envs/sheetagent/lib/python3.10/site-packages/transformers/models/auto/tokenization_auto.py", line 658, in from_pretrained
    config = PreTrainedConfig.from_pretrained(pretrained_model_name_or_path, **kwargs)
  File "/root/miniconda3/envs/sheetagent/lib/python3.10/site-packages/transformers/configuration_utils.py", line 533, in from_pretrained
    config_dict, kwargs = cls.get_config_dict(pretrained_model_name_or_path, **kwargs)
  File "/root/miniconda3/envs/sheetagent/lib/python3.10/site-packages/transformers/configuration_utils.py", line 574, in get_config_dict
    config_dict, kwargs = cls._get_config_dict(pretrained_model_name_or_path, **kwargs)
  File "/root/miniconda3/envs/sheetagent/lib/python3.10/site-packages/transformers/configuration_utils.py", line 629, in _get_config_dict
    resolved_config_file = cached_file(
  File "/root/miniconda3/envs/sheetagent/lib/python3.10/site-packages/transformers/utils/hub.py", line 277, in cached_file
    file = cached_files(path_or_repo_id=path_or_repo_id, filenames=[filename], **kwargs)
  File "/root/miniconda3/envs/sheetagent/lib/python3.10/site-packages/transformers/utils/hub.py", line 469, in cached_files
    raise OSError(f"{e}") from e
OSError: Repo id must be in the form 'repo_name' or 'namespace/repo_name': 'local_models/models--bert-base-uncased/snapshots/86b5e0934494bd15c9632b12f734a8a67f723594'. Use `repo_type` argument if needed.
W0409 13:13:44.591000 2151900 site-packages/torch/distributed/elastic/multiprocessing/api.py:1010] Sending process 2151996 closing signal SIGTERM
E0409 13:13:44.600000 2151900 site-packages/torch/distributed/elastic/multiprocessing/api.py:984] failed (exitcode: 1) local_rank: 1 (pid: 2151997) of binary: /root/miniconda3/envs/sheetagent/bin/python3.10
Traceback (most recent call last):
  File "/root/miniconda3/envs/sheetagent/bin/torchrun", line 6, in <module>
    sys.exit(main())
  File "/root/miniconda3/envs/sheetagent/lib/python3.10/site-packages/torch/distributed/elastic/multiprocessing/errors/__init__.py", line 362, in wrapper
    return f(*args, **kwargs)
  File "/root/miniconda3/envs/sheetagent/lib/python3.10/site-packages/torch/distributed/run.py", line 991, in main
    run(args)
  File "/root/miniconda3/envs/sheetagent/lib/python3.10/site-packages/torch/distributed/run.py", line 982, in run
    elastic_launch(
  File "/root/miniconda3/envs/sheetagent/lib/python3.10/site-packages/torch/distributed/launcher/api.py", line 170, in __call__
    return launch_agent(self._config, self._entrypoint, list(args))
  File "/root/miniconda3/envs/sheetagent/lib/python3.10/site-packages/torch/distributed/launcher/api.py", line 317, in launch_agent
    raise ChildFailedError(
torch.distributed.elastic.multiprocessing.errors.ChildFailedError: 
============================================================
biencoder_model.py FAILED
------------------------------------------------------------
Failures:
[1]:
  time      : 2026-04-09_13:13:44
  host      : 420GP-253
  rank      : 0 (local_rank: 0)
  exitcode  : 1 (pid: 2151996)
  error_file: <N/A>
  traceback : To enable traceback see: https://pytorch.org/docs/stable/elastic/errors.html
------------------------------------------------------------
Root Cause (first observed failure):
[0]:
  time      : 2026-04-09_13:13:44
  host      : 420GP-253
  rank      : 1 (local_rank: 1)
  exitcode  : 1 (pid: 2151997)
  error_file: <N/A>
  traceback : To enable traceback see: https://pytorch.org/docs/stable/elastic/errors.html
============================================================
